<?xml version="1.0" encoding="UTF-8"?>
<!-- Generated by org.testng.reporters.JUnitReportReporter -->
<testsuite hostname="Dell" failures="0" tests="1" name="AutomationPoject1.Project2.aboutWebmath" time="21.892" errors="0" timestamp="2023-03-02T23:45:20 IST" skipped="0">
  <testcase classname="AutomationPoject1.Project2.aboutWebmath" name="homePage" time="21.892"/>
  <system-out/>
</testsuite> <!-- AutomationPoject1.Project2.aboutWebmath -->
