<?xml version="1.0" encoding="UTF-8"?>
<!-- Generated by org.testng.reporters.JUnitReportReporter -->
<testsuite hostname="Dell" failures="0" tests="1" name="AutomationPoject1.Project2.WebMathPage" time="8.342" errors="0" timestamp="2023-03-03T01:09:42 IST" skipped="0">
  <testcase classname="AutomationPoject1.Project2.WebMathPage" name="webMathPage" time="8.342"/>
  <system-out/>
</testsuite> <!-- AutomationPoject1.Project2.WebMathPage -->
