<?xml version="1.0" encoding="UTF-8"?>
<!-- Generated by org.testng.reporters.JUnitReportReporter -->
<testsuite hostname="Dell" failures="0" tests="1" name="AutomationPoject1.Project2.TrigonometryAndCalculusPage" time="25.705" errors="0" timestamp="2023-03-03T00:48:25 IST" skipped="0">
  <testcase classname="AutomationPoject1.Project2.TrigonometryAndCalculusPage" name="trigonometryAndCalculusPage" time="25.705"/>
  <system-out/>
</testsuite> <!-- AutomationPoject1.Project2.TrigonometryAndCalculusPage -->
