<?xml version="1.0" encoding="UTF-8"?>
<!-- Generated by org.testng.reporters.JUnitReportReporter -->
<testsuite hostname="Dell" failures="0" tests="1" name="AutomationPoject1.Project2.UnitsConversionsOnLength" time="40.324" errors="0" timestamp="2023-03-03T00:41:54 IST" skipped="0">
  <testcase classname="AutomationPoject1.Project2.UnitsConversionsOnLength" name="unitsConversionsOnLength" time="40.324"/>
  <system-out/>
</testsuite> <!-- AutomationPoject1.Project2.UnitsConversionsOnLength -->
