<?xml version="1.0" encoding="UTF-8"?>
<!-- Generated by org.testng.reporters.JUnitReportReporter -->
<testsuite hostname="Dell" failures="0" tests="1" name="AutomationPoject1.Project2.Login" time="79.048" errors="0" timestamp="2023-03-03T00:15:26 IST" skipped="0">
  <testcase classname="AutomationPoject1.Project2.Login" name="login" time="79.048"/>
  <system-out/>
</testsuite> <!-- AutomationPoject1.Project2.Login -->
