<?xml version="1.0" encoding="UTF-8"?>
<!-- Generated by org.testng.reporters.JUnitReportReporter -->
<testsuite hostname="Dell" failures="0" tests="1" name="AutomationPoject1.Project2.Homepage" time="2.455" errors="0" timestamp="2023-03-02T23:46:57 IST" skipped="0">
  <testcase classname="AutomationPoject1.Project2.Homepage" name="homePage" time="2.455"/>
  <system-out/>
</testsuite> <!-- AutomationPoject1.Project2.Homepage -->
