<?xml version="1.0" encoding="UTF-8"?>
<!-- Generated by org.testng.reporters.JUnitReportReporter -->
<testsuite hostname="Dell" failures="0" tests="1" name="AutomationPoject1.Project2.OtherMathStuffPage" time="16.420" errors="0" timestamp="2023-03-03T00:32:22 IST" skipped="0">
  <testcase classname="AutomationPoject1.Project2.OtherMathStuffPage" name="otherMathStuffPage" time="16.420"/>
  <system-out/>
</testsuite> <!-- AutomationPoject1.Project2.OtherMathStuffPage -->
