<?xml version="1.0" encoding="UTF-8"?>
<!-- Generated by org.testng.reporters.JUnitReportReporter -->
<testsuite hostname="Dell" failures="0" tests="1" name="AutomationPoject1.Project2.NewTest" time="0.020" errors="0" timestamp="2023-03-03T00:17:33 IST" skipped="0">
  <testcase classname="AutomationPoject1.Project2.NewTest" name="f" time="0.020"/>
  <system-out/>
</testsuite> <!-- AutomationPoject1.Project2.NewTest -->
