<?xml version="1.0" encoding="UTF-8"?>
<!-- Generated by org.testng.reporters.JUnitReportReporter -->
<testsuite hostname="Dell" failures="0" tests="1" name="AutomationPoject1.Project2.MathforEveryone" time="18.026" errors="0" timestamp="2023-03-02T23:40:34 IST" skipped="0">
  <testcase classname="AutomationPoject1.Project2.MathforEveryone" name="homePage" time="18.026"/>
  <system-out/>
</testsuite> <!-- AutomationPoject1.Project2.MathforEveryone -->
