<?xml version="1.0" encoding="UTF-8"?>
<!-- Generated by org.testng.reporters.JUnitReportReporter -->
<testsuite hostname="Dell" failures="0" tests="1" name="AutomationPoject1.Project2.Volumeconversion" time="50.729" errors="0" timestamp="2023-03-03T00:05:24 IST" skipped="0">
  <testcase classname="AutomationPoject1.Project2.Volumeconversion" name="volumeConversion" time="50.729"/>
  <system-out/>
</testsuite> <!-- AutomationPoject1.Project2.Volumeconversion -->
