<?xml version="1.0" encoding="UTF-8"?>
<!-- Generated by org.testng.reporters.JUnitReportReporter -->
<testsuite hostname="Dell" failures="0" tests="1" name="AutomationPoject1.Project2.WhyWebMath" time="2.646" errors="0" timestamp="2023-03-02T23:43:34 IST" skipped="0">
  <testcase classname="AutomationPoject1.Project2.WhyWebMath" name="homePage" time="2.646"/>
  <system-out/>
</testsuite> <!-- AutomationPoject1.Project2.WhyWebMath -->
