<?xml version="1.0" encoding="UTF-8"?>
<!-- Generated by org.testng.reporters.JUnitReportReporter -->
<testsuite hostname="Dell" failures="0" tests="1" name="AutomationPoject1.Project2.AlgebraPage" time="5.282" errors="0" timestamp="2023-03-03T11:06:58 IST" skipped="0">
  <testcase classname="AutomationPoject1.Project2.AlgebraPage" name="algebraPage" time="5.282"/>
  <system-out/>
</testsuite> <!-- AutomationPoject1.Project2.AlgebraPage -->
