<?xml version="1.0" encoding="UTF-8"?>
<!-- Generated by org.testng.reporters.JUnitReportReporter -->
<testsuite hostname="Dell" failures="0" tests="1" name="AutomationPoject1.Project2.Areaconversion" time="17.624" errors="0" timestamp="2023-03-02T23:57:38 IST" skipped="0">
  <testcase classname="AutomationPoject1.Project2.Areaconversion" name="areaConversion" time="17.624"/>
  <system-out/>
</testsuite> <!-- AutomationPoject1.Project2.Areaconversion -->
