<?xml version="1.0" encoding="UTF-8"?>
<!-- Generated by org.testng.reporters.JUnitReportReporter -->
<testsuite hostname="Dell" failures="0" tests="1" name="AutomationPoject1.Project2.Contactus" time="14.825" errors="0" timestamp="2023-03-03T10:47:24 IST" skipped="0">
  <testcase classname="AutomationPoject1.Project2.Contactus" name="homePage" time="14.825"/>
  <system-out/>
</testsuite> <!-- AutomationPoject1.Project2.Contactus -->
