<?xml version="1.0" encoding="UTF-8"?>
<!-- Generated by org.testng.reporters.JUnitReportReporter -->
<testsuite hostname="Dell" failures="0" tests="1" name="AutomationPoject1.Project2.PrivacyPolicy" time="6.380" errors="0" timestamp="2023-03-02T23:02:03 IST" skipped="0">
  <testcase classname="AutomationPoject1.Project2.PrivacyPolicy" name="homePage" time="6.380"/>
  <system-out/>
</testsuite> <!-- AutomationPoject1.Project2.PrivacyPolicy -->
