<?xml version="1.0" encoding="UTF-8"?>
<!-- Generated by org.testng.reporters.JUnitReportReporter -->
<testsuite hostname="Dell" failures="0" tests="1" name="AutomationProject.SeleniumAutomationProject.NewTest" time="0.009" errors="0" timestamp="2023-02-23T15:12:21 IST" skipped="0">
  <testcase classname="AutomationProject.SeleniumAutomationProject.NewTest" name="f" time="0.009"/>
  <system-out/>
</testsuite> <!-- AutomationProject.SeleniumAutomationProject.NewTest -->
