<?xml version="1.0" encoding="UTF-8"?>
<!-- Generated by org.testng.reporters.JUnitReportReporter -->
<testsuite hostname="Dell" failures="0" tests="1" name="AutomationProject.SeleniumAutomationProject.verifyingloginpage" time="20.519" errors="0" timestamp="2023-02-23T15:15:10 IST" skipped="0">
  <testcase classname="AutomationProject.SeleniumAutomationProject.verifyingloginpage" name="validatelogin" time="20.519"/>
  <system-out/>
</testsuite> <!-- AutomationProject.SeleniumAutomationProject.verifyingloginpage -->
