<?xml version="1.0" encoding="UTF-8"?>
<!-- Generated by org.testng.reporters.JUnitReportReporter -->
<testsuite hostname="Dell" failures="0" tests="1" name="AutomationProject.SeleniumAutomationProject.LaunchBrowser" time="17.417" errors="0" timestamp="2023-02-23T15:10:49 IST" skipped="0">
  <testcase classname="AutomationProject.SeleniumAutomationProject.LaunchBrowser" name="launchbrowser" time="17.417"/>
  <system-out/>
</testsuite> <!-- AutomationProject.SeleniumAutomationProject.LaunchBrowser -->
