<?xml version="1.0" encoding="UTF-8"?>
<!-- Generated by org.testng.reporters.JUnitReportReporter -->
<testsuite hostname="Dell" failures="0" tests="1" name="AutomationProject.SeleniumAutomationProject.ForgotPassword" time="23.788" errors="0" timestamp="2023-02-23T15:08:31 IST" skipped="0">
  <testcase classname="AutomationProject.SeleniumAutomationProject.ForgotPassword" name="Forgot_Password" time="23.788"/>
  <system-out/>
</testsuite> <!-- AutomationProject.SeleniumAutomationProject.ForgotPassword -->
