<?xml version="1.0" encoding="UTF-8"?>
<!-- Generated by org.testng.reporters.JUnitReportReporter -->
<testsuite hostname="Dell" failures="0" tests="1" name="AutomationProject.SeleniumAutomationProject.EmployRecords" time="22.840" errors="0" timestamp="2023-02-23T15:06:52 IST" skipped="0">
  <testcase classname="AutomationProject.SeleniumAutomationProject.EmployRecords" name="Employ_Records" time="22.840"/>
  <system-out/>
</testsuite> <!-- AutomationProject.SeleniumAutomationProject.EmployRecords -->
