<?xml version="1.0" encoding="UTF-8"?>
<!-- Generated by org.testng.reporters.JUnitReportReporter -->
<testsuite hostname="Dell" failures="0" tests="1" name="AutomationProject.SeleniumAutomationProject.ResetPassword" time="23.965" errors="0" timestamp="2023-02-23T15:14:12 IST" skipped="0">
  <testcase classname="AutomationProject.SeleniumAutomationProject.ResetPassword" name="Reset_Password" time="23.965"/>
  <system-out/>
</testsuite> <!-- AutomationProject.SeleniumAutomationProject.ResetPassword -->
