<?xml version="1.0" encoding="UTF-8"?>
<!-- Generated by org.testng.reporters.JUnitReportReporter -->
<testsuite hostname="Dell" failures="0" tests="1" name="AutomationProject.SeleniumAutomationProject.SearchOption" time="17.313" errors="0" timestamp="2023-02-23T15:14:39 IST" skipped="0">
  <testcase classname="AutomationProject.SeleniumAutomationProject.SearchOption" name="search" time="17.313"/>
  <system-out/>
</testsuite> <!-- AutomationProject.SeleniumAutomationProject.SearchOption -->
