<?xml version="1.0" encoding="UTF-8"?>
<!-- Generated by org.testng.reporters.JUnitReportReporter -->
<testsuite hostname="Dell" failures="0" tests="1" name="AutomationProject.SeleniumAutomationProject.EmployReview" time="49.909" errors="0" timestamp="2023-02-23T15:07:58 IST" skipped="0">
  <testcase classname="AutomationProject.SeleniumAutomationProject.EmployReview" name="Employ_Review" time="49.909"/>
  <system-out/>
</testsuite> <!-- AutomationProject.SeleniumAutomationProject.EmployReview -->
