<?xml version="1.0" encoding="UTF-8"?>
<!-- Generated by org.testng.reporters.JUnitReportReporter -->
<testsuite hostname="Dell" failures="0" tests="1" name="AutomationProject.SeleniumAutomationProject.Loginhrm" time="25.011" errors="0" timestamp="2023-02-23T15:11:25 IST" skipped="0">
  <testcase classname="AutomationProject.SeleniumAutomationProject.Loginhrm" name="Login" time="25.011"/>
  <system-out/>
</testsuite> <!-- AutomationProject.SeleniumAutomationProject.Loginhrm -->
