<?xml version="1.0" encoding="UTF-8"?>
<!-- Generated by org.testng.reporters.JUnitReportReporter -->
<testsuite hostname="Dell" failures="0" tests="1" name="AutomationProject.SeleniumAutomationProject.DashBoardPage" time="16.091" errors="0" timestamp="2023-02-23T15:06:19 IST" skipped="0">
  <testcase classname="AutomationProject.SeleniumAutomationProject.DashBoardPage" name="dashBoard" time="16.091"/>
  <system-out/>
</testsuite> <!-- AutomationProject.SeleniumAutomationProject.DashBoardPage -->
